<?xml version="1.0" encoding="UTF-8"?>
<testsuite xmlns:xsi="http://www.w3.org/2001/XMLSchema-instance" xsi:noNamespaceSchemaLocation="https://maven.apache.org/surefire/maven-surefire-plugin/xsd/surefire-test-report-3.0.xsd" version="3.0" name="com.example.demo.services.PathServiceTest" time="0.047" tests="1" errors="0" skipped="0" failures="0">
  <properties>
[...]
</properties>
  <testcase name="findPath" classname="com.example.demo.services.PathServiceTest" time="0.029">
    <system-out><![CDATA[(4,4) 
(4,3) 
(4,2) 
(3,2) 
(3,1) 
(3,0) 
(2,0) 
(1,0) 
(0,0) 
]]></system-out>
  </testcase>
</testsuite>